2025-01-22 12:06:26,663-INFO-fetching articles from source...........
2025-01-22 12:06:35,272-CRITICAL-[REQUEST FAILED] 404 Client Error: OK for url: https://edition.cnn.com/feed
2025-01-22 12:06:35,365-CRITICAL-[REQUEST FAILED] 404 Client Error: OK for url: https://edition.cnn.com/rss
2025-01-22 12:06:35,387-CRITICAL-[REQUEST FAILED] 404 Client Error: OK for url: https://edition.cnn.com/feeds
2025-01-22 12:06:40,481-CRITICAL-[REQUEST FAILED] 404 Client Error: Not Found for url: https://www.foxnews.com/feed
2025-01-22 12:06:40,550-CRITICAL-[REQUEST FAILED] 503 Server Error: No healthy IP available for the backend for url: https://www.foxnews.com/feeds
2025-01-22 12:06:47,718-CRITICAL-[REQUEST FAILED] 404 Client Error: Not Found for url: https://components.news.sky.com/
2025-01-22 12:06:49,169-CRITICAL-[REQUEST FAILED] 404 Client Error: Not Found for url: https://news.sky.com/feeds
2025-01-22 12:06:49,268-CRITICAL-[REQUEST FAILED] 404 Client Error: Not Found for url: https://news.sky.com/feed
2025-01-22 12:06:49,316-CRITICAL-[REQUEST FAILED] 404 Client Error: Not Found for url: https://news.sky.com/rss
2025-01-22 12:06:55,981-CRITICAL-[REQUEST FAILED] 404 Client Error: Not Found for url: https://foreignpolicy.com/feeds
2025-01-22 12:06:58,626-INFO-cnn: 517
2025-01-22 12:06:58,626-INFO-fox news: 331
2025-01-22 12:06:58,626-INFO-Sky News: 375
2025-01-22 12:06:58,626-INFO-Foreign Policy: 311
2025-01-22 12:06:58,653-INFO-fetching article.................
2025-01-22 12:08:00,576-ERROR-Error fetching https://www.iheart.com/podcast/1293-the-fox-news-rundown-70636043/: Article `download()` failed with 404 Client Error: Not Found for url: https://www.iheart.com/podcast/1293-the-fox-news-rundown-70636043/ on URL https://www.iheart.com/podcast/1293-the-fox-news-rundown-70636043/
2025-01-22 12:10:05,996-ERROR-Error fetching https://www.iheart.com/podcast/1293-the-fox-news-rundown-70636043/: Article `download()` failed with 404 Client Error: Not Found for url: https://www.iheart.com/podcast/1293-the-fox-news-rundown-70636043/ on URL https://www.iheart.com/podcast/1293-the-fox-news-rundown-70636043/
2025-01-22 12:12:14,343-ERROR-Error fetching https://www.iheart.com/podcast/1293-the-fox-news-rundown-70636043/: Article `download()` failed with 404 Client Error: Not Found for url: https://www.iheart.com/podcast/1293-the-fox-news-rundown-70636043/ on URL https://www.iheart.com/podcast/1293-the-fox-news-rundown-70636043/
2025-01-22 12:14:28,186-ERROR-Error fetching https://www.iheart.com/podcast/1293-the-fox-news-rundown-70636043/: Article `download()` failed with 404 Client Error: Not Found for url: https://www.iheart.com/podcast/1293-the-fox-news-rundown-70636043/ on URL https://www.iheart.com/podcast/1293-the-fox-news-rundown-70636043/
2025-01-22 12:16:38,727-ERROR-Error fetching https://www.iheart.com/podcast/1293-the-fox-news-rundown-70636043/: Article `download()` failed with 404 Client Error: Not Found for url: https://www.iheart.com/podcast/1293-the-fox-news-rundown-70636043/ on URL https://www.iheart.com/podcast/1293-the-fox-news-rundown-70636043/
2025-01-22 12:18:35,037-INFO-Finehed fetching.................
2025-01-22 12:18:35,057-INFO-articles saved to cached file:  cached_articles.json
2025-01-22 12:18:40,858-INFO-Articles from cnn inserted into MongoDB collection: portal_news
2025-01-22 12:18:43,722-INFO-Articles from fox news inserted into MongoDB collection: portal_news
2025-01-22 12:18:46,876-INFO-Articles from Sky News inserted into MongoDB collection: portal_news
2025-01-22 12:18:50,657-INFO-Articles from Foreign Policy inserted into MongoDB collection: portal_news
2025-01-22 12:18:50,658-INFO-Article fetching and storage is completed .............
